<?xml version="1.0" encoding="UTF-8" ?>
<testsuite tests="7" failures="3" name="TestSuite" time="512.345" errors="0" skipped="4">
  <properties>
    <property name="java.vendor" value="Oracle Corporation"/>
    <property name="JOB_NAME" value="Xtreme-EcommerceAutomation_FrameWork"/>
    <property name="RUN_TESTS_DISPLAY_URL" value="http://localhost:8080/job/Xtreme-EcommerceAutomation_FrameWork/1/display/redirect?page=tests"/>
    <property name="sun.java.launcher" value="SUN_STANDARD"/>
    <property name="NUMBER_OF_PROCESSORS" value="4"/>
    <property name="sun.management.compiler" value="HotSpot 64-Bit Tiered Compilers"/>
    <property name="JENKINS_HOME" value="C:\Users\MY-PC.DESKTOP-8EQSD1V\.jenkins"/>
    <property name="FPS_BROWSER_USER_PROFILE_STRING" value="Default"/>
    <property name="HUDSON_SERVER_COOKIE" value="d47db053109be487"/>
    <property name="os.name" value="Windows 10"/>
    <property name="sun.boot.class.path" value="C:\Program Files\JAVA\jdk1.8.0_221\jre\lib\resources.jar;C:\Program Files\JAVA\jdk1.8.0_221\jre\lib\rt.jar;C:\Program Files\JAVA\jdk1.8.0_221\jre\lib\sunrsasign.jar;C:\Program Files\JAVA\jdk1.8.0_221\jre\lib\jsse.jar;C:\Program Files\JAVA\jdk1.8.0_221\jre\lib\jce.jar;C:\Program Files\JAVA\jdk1.8.0_221\jre\lib\charsets.jar;C:\Program Files\JAVA\jdk1.8.0_221\jre\lib\jfr.jar;C:\Program Files\JAVA\jdk1.8.0_221\jre\classes"/>
    <property name="EXECUTOR_NUMBER" value="1"/>
    <property name="sun.desktop" value="windows"/>
    <property name="PATHEXT" value=".COM;.EXE;.BAT;.CMD;.VBS;.VBE;.JS;.JSE;.WSF;.WSH;.MSC"/>
    <property name="java.vm.specification.vendor" value="Oracle Corporation"/>
    <property name="NODE_LABELS" value="master"/>
    <property name="TEMP" value="C:\Users\MY-PC~1.DES\AppData\Local\Temp"/>
    <property name="java.runtime.version" value="1.8.0_221-b11"/>
    <property name="FPS_BROWSER_APP_PROFILE_STRING" value="Internet Explorer"/>
    <property name="user.name" value="MY-PC"/>
    <property name="guice.disable.misplaced.annotation.check" value="true"/>
    <property name="CommonProgramW6432" value="C:\Program Files\Common Files"/>
    <property name="ProgramFiles" value="C:\Program Files"/>
    <property name="PROMPT" value="$P$G"/>
    <property name="user.language" value="en"/>
    <property name="JOB_BASE_NAME" value="Xtreme-EcommerceAutomation_FrameWork"/>
    <property name="RUN_CHANGES_DISPLAY_URL" value="http://localhost:8080/job/Xtreme-EcommerceAutomation_FrameWork/1/display/redirect?page=changes"/>
    <property name="BUILD_DISPLAY_NAME" value="#1"/>
    <property name="OneDrive" value="C:\Users\MY-PC.DESKTOP-8EQSD1V\OneDrive"/>
    <property name="sun.boot.library.path" value="C:\Program Files\JAVA\jdk1.8.0_221\jre\bin"/>
    <property name="LOCALAPPDATA" value="C:\Users\MY-PC.DESKTOP-8EQSD1V\AppData\Local"/>
    <property name="java.version" value="1.8.0_221"/>
    <property name="PROCESSOR_LEVEL" value="6"/>
    <property name="user.timezone" value="Asia/Calcutta"/>
    <property name="USERNAME" value="MY-PC"/>
    <property name="sun.arch.data.model" value="64"/>
    <property name="NODE_NAME" value="master"/>
    <property name="java.endorsed.dirs" value="C:\Program Files\JAVA\jdk1.8.0_221\jre\lib\endorsed"/>
    <property name="BUILD_ID" value="1"/>
    <property name="sun.cpu.isalist" value="amd64"/>
    <property name="sun.jnu.encoding" value="Cp1252"/>
    <property name="file.encoding.pkg" value="sun.io"/>
    <property name="file.separator" value="\"/>
    <property name="java.specification.name" value="Java Platform API Specification"/>
    <property name="HOMEDRIVE" value="C:"/>
    <property name="maven.conf" value="C:\opt\apache-maven-3.6.3\conf"/>
    <property name="java.class.version" value="52.0"/>
    <property name="=::" value="::\"/>
    <property name="org.slf4j.simpleLogger.defaultLogLevel" value="info"/>
    <property name="user.country" value="US"/>
    <property name="ALLUSERSPROFILE" value="C:\ProgramData"/>
    <property name="java.home" value="C:\Program Files\JAVA\jdk1.8.0_221\jre"/>
    <property name="java.vm.info" value="mixed mode"/>
    <property name="os.version" value="10.0"/>
    <property name="RUN_DISPLAY_URL" value="http://localhost:8080/job/Xtreme-EcommerceAutomation_FrameWork/1/display/redirect"/>
    <property name="TMP" value="C:\Users\MY-PC~1.DES\AppData\Local\Temp"/>
    <property name="RUN_ARTIFACTS_DISPLAY_URL" value="http://localhost:8080/job/Xtreme-EcommerceAutomation_FrameWork/1/display/redirect?page=artifacts"/>
    <property name="path.separator" value=";"/>
    <property name="java.vm.version" value="25.221-b11"/>
    <property name="user.variant" value=""/>
    <property name="JOB_DISPLAY_URL" value="http://localhost:8080/job/Xtreme-EcommerceAutomation_FrameWork/display/redirect"/>
    <property name="CommonProgramFiles(x86)" value="C:\Program Files (x86)\Common Files"/>
    <property name="USERDOMAIN_ROAMINGPROFILE" value="DESKTOP-8EQSD1V"/>
    <property name="java.awt.printerjob" value="sun.awt.windows.WPrinterJob"/>
    <property name="JAVA_HOME" value="C:\Program Files\JAVA\jdk1.8.0_221"/>
    <property name="sun.io.unicode.encoding" value="UnicodeLittle"/>
    <property name="CommonProgramFiles" value="C:\Program Files\Common Files"/>
    <property name="ComSpec" value="C:\WINDOWS\system32\cmd.exe"/>
    <property name="HOMEPATH" value="\Users\MY-PC.DESKTOP-8EQSD1V"/>
    <property name="awt.toolkit" value="sun.awt.windows.WToolkit"/>
    <property name="user.script" value=""/>
    <property name="COMPUTERNAME" value="DESKTOP-8EQSD1V"/>
    <property name="user.home" value="C:\Users\MY-PC.DESKTOP-8EQSD1V"/>
    <property name="PUBLIC" value="C:\Users\Public"/>
    <property name="BUILD_TAG" value="jenkins-Xtreme-EcommerceAutomation_FrameWork-1"/>
    <property name="JENKINS_SERVER_COOKIE" value="d47db053109be487"/>
    <property name="HUDSON_URL" value="http://localhost:8080/"/>
    <property name="ProgramData" value="C:\ProgramData"/>
    <property name="java.specification.vendor" value="Oracle Corporation"/>
    <property name="USERPROFILE" value="C:\Users\MY-PC.DESKTOP-8EQSD1V"/>
    <property name="CLASSPATH" value=""/>
    <property name="java.vendor.url" value="http://java.oracle.com/"/>
    <property name="java.library.path" value="C:\Program Files\JAVA\jdk1.8.0_221\bin;C:\WINDOWS\Sun\Java\bin;C:\WINDOWS\system32;C:\WINDOWS;C:\opt\apache-maven-3.6.3/bin;C:\Program Files\JAVA\jdk1.8.0_221/bin;C:\Program Files\JAVA\jdk1.8.0_221/bin;C:\Users\MY-PC.DESKTOP-8EQSD1V\AppData\Local\Android\Sdk\tools;C:\Users\MY-PC.DESKTOP-8EQSD1V\AppData\Local\Android\Sdk\tools\bin;C:\Users\MY-PC.DESKTOP-8EQSD1V\AppData\Local\Android\Sdk\platform-tools;C:\Program Files\JAVA\jre1.8.0_221\bin;C:\Program Files (x86)\Common Files\Oracle\Java\javapath;C:\Program Files\JAVA\jdk1.8.0_221\bin;C:\WINDOWS\system32;C:\WINDOWS;C:\WINDOWS\System32\Wbem;C:\WINDOWS\System32\WindowsPowerShell\v1.0\;C:\WINDOWS\System32\OpenSSH\;C:\Program Files\PuTTY\;C:\Program Files\Git\cmd;C:\opt\apache-maven-3.6.3\bin;C:\Program Files\MySQL\MySQL Shell 8.0\bin\;C:\Users\MY-PC.DESKTOP-8EQSD1V\AppData\Local\Microsoft\WindowsApps;C:\Program Files (x86)\Sophos\Sophos SSL VPN Client\bin;."/>
    <property name="java.vm.vendor" value="Oracle Corporation"/>
    <property name="APPDATA" value="C:\Users\MY-PC.DESKTOP-8EQSD1V\AppData\Roaming"/>
    <property name="java.runtime.name" value="Java(TM) SE Runtime Environment"/>
    <property name="maven.home" value="C:\opt\apache-maven-3.6.3"/>
    <property name="java.class.path" value="C:\Users\MY-PC.DESKTOP-8EQSD1V\.jenkins\plugins\maven-plugin\WEB-INF\lib\maven35-agent-1.13.jar;C:\opt\apache-maven-3.6.3\boot\plexus-classworlds-2.6.0.jar;C:\opt\apache-maven-3.6.3/conf/logging"/>
    <property name="sun.java.command" value="jenkins.maven3.agent.Maven35Main C:\opt\apache-maven-3.6.3 C:\Users\MY-PC.DESKTOP-8EQSD1V\.jenkins\war\WEB-INF\lib\remoting-4.6.jar C:\Users\MY-PC.DESKTOP-8EQSD1V\.jenkins\plugins\maven-plugin\WEB-INF\lib\maven35-interceptor-1.13.jar C:\Users\MY-PC.DESKTOP-8EQSD1V\.jenkins\plugins\maven-plugin\WEB-INF\lib\maven3-interceptor-commons-1.13.jar 55686"/>
    <property name="Path" value="C:\Program Files\JAVA\jdk1.8.0_221/bin;C:\Users\MY-PC.DESKTOP-8EQSD1V\AppData\Local\Android\Sdk\tools;C:\Users\MY-PC.DESKTOP-8EQSD1V\AppData\Local\Android\Sdk\tools\bin;C:\Users\MY-PC.DESKTOP-8EQSD1V\AppData\Local\Android\Sdk\platform-tools;C:\Program Files\JAVA\jre1.8.0_221\bin;C:\Program Files (x86)\Common Files\Oracle\Java\javapath;C:\Program Files\JAVA\jdk1.8.0_221\bin;C:\WINDOWS\system32;C:\WINDOWS;C:\WINDOWS\System32\Wbem;C:\WINDOWS\System32\WindowsPowerShell\v1.0\;C:\WINDOWS\System32\OpenSSH\;C:\Program Files\PuTTY\;C:\Program Files\Git\cmd;C:\opt\apache-maven-3.6.3\bin;C:\Program Files\MySQL\MySQL Shell 8.0\bin\;C:\Users\MY-PC.DESKTOP-8EQSD1V\AppData\Local\Microsoft\WindowsApps;C:\Program Files (x86)\Sophos\Sophos SSL VPN Client\bin"/>
    <property name="java.vm.specification.name" value="Java Virtual Machine Specification"/>
    <property name="PROCESSOR_ARCHITECTURE" value="AMD64"/>
    <property name="PATH+JDK" value="C:\Program Files\JAVA\jdk1.8.0_221/bin"/>
    <property name="PROCESSOR_IDENTIFIER" value="Intel64 Family 6 Model 60 Stepping 3, GenuineIntel"/>
    <property name="SESSIONNAME" value="Console"/>
    <property name="java.vm.specification.version" value="1.8"/>
    <property name="sun.os.patch.level" value=""/>
    <property name="sun.cpu.endian" value="little"/>
    <property name="M2_HOME" value="C:\opt\apache-maven-3.6.3"/>
    <property name="java.io.tmpdir" value="C:\Users\MY-PC~1.DES\AppData\Local\Temp\"/>
    <property name="OS" value="Windows_NT"/>
    <property name="HUDSON_HOME" value="C:\Users\MY-PC.DESKTOP-8EQSD1V\.jenkins"/>
    <property name="PATH+MAVEN" value="C:\opt\apache-maven-3.6.3/bin"/>
    <property name="ProgramFiles(x86)" value="C:\Program Files (x86)"/>
    <property name="BUILD_URL" value="http://localhost:8080/job/Xtreme-EcommerceAutomation_FrameWork/1/"/>
    <property name="java.vendor.url.bug" value="http://bugreport.sun.com/bugreport/"/>
    <property name="java.awt.graphicsenv" value="sun.awt.Win32GraphicsEnvironment"/>
    <property name="os.arch" value="amd64"/>
    <property name="SystemRoot" value="C:\WINDOWS"/>
    <property name="java.ext.dirs" value="C:\Program Files\JAVA\jdk1.8.0_221\jre\lib\ext;C:\WINDOWS\Sun\Java\lib\ext"/>
    <property name="user.dir" value="D:\IRFAN---\java program\Xtreme-EcommerceAutomation_FrameWork"/>
    <property name="JOB_URL" value="http://localhost:8080/job/Xtreme-EcommerceAutomation_FrameWork/"/>
    <property name="LOGONSERVER" value="\\DESKTOP-8EQSD1V"/>
    <property name="USERDOMAIN" value="DESKTOP-8EQSD1V"/>
    <property name="line.separator" value="
"/>
    <property name="MAVEN_HOME" value="C:\opt\apache-maven-3.6.3"/>
    <property name="java.vm.name" value="Java HotSpot(TM) 64-Bit Server VM"/>
    <property name="BUILD_NUMBER" value="1"/>
    <property name="ANDROID_HOME" value="C:\Users\MY-PC.DESKTOP-8EQSD1V\AppData\Local\Android\Sdk"/>
    <property name="JENKINS_URL" value="http://localhost:8080/"/>
    <property name="PROCESSOR_REVISION" value="3c03"/>
    <property name="ProgramW6432" value="C:\Program Files"/>
    <property name="windir" value="C:\WINDOWS"/>
    <property name="=C:" value="C:\Jenkins"/>
    <property name="file.encoding" value="Cp1252"/>
    <property name="SystemDrive" value="C:"/>
    <property name="maven3.interceptor" value="C:\Users\MY-PC.DESKTOP-8EQSD1V\.jenkins\plugins\maven-plugin\WEB-INF\lib\maven35-interceptor-1.13.jar"/>
    <property name="WORKSPACE_TMP" value="C:\Users\MY-PC.DESKTOP-8EQSD1V\.jenkins\workspace\Xtreme-EcommerceAutomation_FrameWork@tmp"/>
    <property name="WORKSPACE" value="C:\Users\MY-PC.DESKTOP-8EQSD1V\.jenkins\workspace\Xtreme-EcommerceAutomation_FrameWork"/>
    <property name="maven3.interceptor.common" value="C:\Users\MY-PC.DESKTOP-8EQSD1V\.jenkins\plugins\maven-plugin\WEB-INF\lib\maven3-interceptor-commons-1.13.jar"/>
    <property name="java.specification.version" value="1.8"/>
    <property name="PSModulePath" value="C:\Program Files\WindowsPowerShell\Modules;C:\WINDOWS\system32\WindowsPowerShell\v1.0\Modules"/>
    <property name="DriverData" value="C:\Windows\System32\Drivers\DriverData"/>
  </properties>
  <testcase classname="com.qa.XtremeEcommTestCases.HomePageTest" name="validateHomePageTitleTest" time="0.259">
    <failure message="Title not matched expected [11-Xtreme Ecommerce] but found [Xtreme Ecommerce]" type="java.lang.AssertionError">java.lang.AssertionError: Title not matched expected [11-Xtreme Ecommerce] but found [Xtreme Ecommerce]
	at org.testng.Assert.fail(Assert.java:96)
	at org.testng.Assert.failNotEquals(Assert.java:776)
	at org.testng.Assert.assertEqualsImpl(Assert.java:137)
	at org.testng.Assert.assertEquals(Assert.java:118)
	at org.testng.Assert.assertEquals(Assert.java:453)
	at com.qa.XtremeEcommTestCases.HomePageTest.validateHomePageTitleTest(HomePageTest.java:74)
</failure>
    <system-out>Configuring TestNG with: org.apache.maven.surefire.testng.conf.TestNG652Configurator@e6ea0c6
21-09-14
21-09-14
21-09-14
Opening the chrome Browser
Before navigating to: &apos;https://x.bosontech.ai/home&apos;
Navigated to:&apos;https://x.bosontech.ai/home&apos;
The actual Title is---&gt;Xtreme Ecommerce

The TestCase Failed---&gt;validateHomePageTitleTest
</system-out>
    <system-err>SLF4J: Failed to load class &quot;org.slf4j.impl.StaticLoggerBinder&quot;.
SLF4J: Defaulting to no-operation (NOP) logger implementation
SLF4J: See http://www.slf4j.org/codes.html#StaticLoggerBinder for further details.
Starting ChromeDriver 93.0.4577.63 (ff5c0da2ec0adeaed5550e6c7e98417dac77d98a-refs/branch-heads/4577@{#1135}) on port 35327
Only local connections are allowed.
Please see https://chromedriver.chromium.org/security-considerations for suggestions on keeping ChromeDriver safe.
ChromeDriver was started successfully.
Sep 14, 2021 5:03:13 PM org.openqa.selenium.remote.ProtocolHandshake createSession
INFO: Detected dialect: W3C
</system-err>
  </testcase>
  <testcase classname="com.qa.XtremeEcommTestCases.LoginPageTest" name="setup" time="70.549">
    <failure message="Cannot locate an element using xpath=//div[@class=&apos;menu-item-action login&apos;]
For documentation on this error, please visit: https://www.seleniumhq.org/exceptions/no_such_element.html
Build info: version: &apos;3.141.59&apos;, revision: &apos;e82be7d358&apos;, time: &apos;2018-11-14T08:17:03&apos;
System info: host: &apos;DESKTOP-8EQSD1V&apos;, ip: &apos;192.168.0.104&apos;, os.name: &apos;Windows 10&apos;, os.arch: &apos;amd64&apos;, os.version: &apos;10.0&apos;, java.version: &apos;1.8.0_221&apos;
Driver info: driver.version: EventFiringWebDriver" type="org.openqa.selenium.NoSuchElementException">org.openqa.selenium.NoSuchElementException: Cannot locate an element using xpath=//div[@class=&apos;menu-item-action login&apos;]
For documentation on this error, please visit: https://www.seleniumhq.org/exceptions/no_such_element.html
Build info: version: &apos;3.141.59&apos;, revision: &apos;e82be7d358&apos;, time: &apos;2018-11-14T08:17:03&apos;
System info: host: &apos;DESKTOP-8EQSD1V&apos;, ip: &apos;192.168.0.104&apos;, os.name: &apos;Windows 10&apos;, os.arch: &apos;amd64&apos;, os.version: &apos;10.0&apos;, java.version: &apos;1.8.0_221&apos;
Driver info: driver.version: EventFiringWebDriver
	at org.openqa.selenium.remote.RemoteWebDriver.findElement(RemoteWebDriver.java:327)
	at org.openqa.selenium.remote.RemoteWebDriver.findElementByXPath(RemoteWebDriver.java:428)
	at org.openqa.selenium.By$ByXPath.findElement(By.java:353)
	at org.openqa.selenium.remote.RemoteWebDriver.findElement(RemoteWebDriver.java:315)
	at sun.reflect.NativeMethodAccessorImpl.invoke0(Native Method)
	at sun.reflect.NativeMethodAccessorImpl.invoke(NativeMethodAccessorImpl.java:62)
	at sun.reflect.DelegatingMethodAccessorImpl.invoke(DelegatingMethodAccessorImpl.java:43)
	at java.lang.reflect.Method.invoke(Method.java:498)
	at org.openqa.selenium.support.events.EventFiringWebDriver.lambda$new$1(EventFiringWebDriver.java:105)
	at com.sun.proxy.$Proxy11.findElement(Unknown Source)
	at org.openqa.selenium.support.events.EventFiringWebDriver.findElement(EventFiringWebDriver.java:194)
	at org.openqa.selenium.support.pagefactory.DefaultElementLocator.findElement(DefaultElementLocator.java:69)
	at org.openqa.selenium.support.pagefactory.internal.LocatingElementHandler.invoke(LocatingElementHandler.java:38)
	at com.sun.proxy.$Proxy15.click(Unknown Source)
	at com.qa.XtremeEcommTestCases.LoginPageTest.setup(LoginPageTest.java:75)
</failure>
    <system-out>Opening the chrome Browser
Before navigating to: &apos;https://x.bosontech.ai/home&apos;
Navigated to:&apos;https://x.bosontech.ai/home&apos;
Trying to find Element By : By.xpath: //div[@class=&apos;menu-item-action login&apos;]
</system-out>
    <system-err>Starting ChromeDriver 93.0.4577.63 (ff5c0da2ec0adeaed5550e6c7e98417dac77d98a-refs/branch-heads/4577@{#1135}) on port 3994
Only local connections are allowed.
Please see https://chromedriver.chromium.org/security-considerations for suggestions on keeping ChromeDriver safe.
ChromeDriver was started successfully.
Sep 14, 2021 5:03:24 PM org.openqa.selenium.remote.ProtocolHandshake createSession
INFO: Detected dialect: W3C
</system-err>
  </testcase>
  <testcase classname="com.qa.XtremeEcommTestCases.LoginPageTest" name="verifyHomePageLogoTest" time="70.553">
    <skipped/>
  </testcase>
  <testcase classname="com.qa.XtremeEcommTestCases.LoginPageTest" name="tearDown" time="70.553">
    <skipped/>
  </testcase>
  <testcase classname="com.qa.XtremeEcommTestCases.RegisterPageTest" name="setup" time="100.141">
    <failure message="Cannot locate an element using xpath=//button[@class=&apos;xc-button&apos;]//div[@class=&apos;xc-button-text&apos;][normalize-space()=&apos;REGISTER&apos;]
For documentation on this error, please visit: https://www.seleniumhq.org/exceptions/no_such_element.html
Build info: version: &apos;3.141.59&apos;, revision: &apos;e82be7d358&apos;, time: &apos;2018-11-14T08:17:03&apos;
System info: host: &apos;DESKTOP-8EQSD1V&apos;, ip: &apos;192.168.0.104&apos;, os.name: &apos;Windows 10&apos;, os.arch: &apos;amd64&apos;, os.version: &apos;10.0&apos;, java.version: &apos;1.8.0_221&apos;
Driver info: driver.version: EventFiringWebDriver" type="org.openqa.selenium.NoSuchElementException">org.openqa.selenium.NoSuchElementException: Cannot locate an element using xpath=//button[@class=&apos;xc-button&apos;]//div[@class=&apos;xc-button-text&apos;][normalize-space()=&apos;REGISTER&apos;]
For documentation on this error, please visit: https://www.seleniumhq.org/exceptions/no_such_element.html
Build info: version: &apos;3.141.59&apos;, revision: &apos;e82be7d358&apos;, time: &apos;2018-11-14T08:17:03&apos;
System info: host: &apos;DESKTOP-8EQSD1V&apos;, ip: &apos;192.168.0.104&apos;, os.name: &apos;Windows 10&apos;, os.arch: &apos;amd64&apos;, os.version: &apos;10.0&apos;, java.version: &apos;1.8.0_221&apos;
Driver info: driver.version: EventFiringWebDriver
	at org.openqa.selenium.remote.RemoteWebDriver.findElement(RemoteWebDriver.java:327)
	at org.openqa.selenium.remote.RemoteWebDriver.findElementByXPath(RemoteWebDriver.java:428)
	at org.openqa.selenium.By$ByXPath.findElement(By.java:353)
	at org.openqa.selenium.remote.RemoteWebDriver.findElement(RemoteWebDriver.java:315)
	at sun.reflect.NativeMethodAccessorImpl.invoke0(Native Method)
	at sun.reflect.NativeMethodAccessorImpl.invoke(NativeMethodAccessorImpl.java:62)
	at sun.reflect.DelegatingMethodAccessorImpl.invoke(DelegatingMethodAccessorImpl.java:43)
	at java.lang.reflect.Method.invoke(Method.java:498)
	at org.openqa.selenium.support.events.EventFiringWebDriver.lambda$new$1(EventFiringWebDriver.java:105)
	at com.sun.proxy.$Proxy11.findElement(Unknown Source)
	at org.openqa.selenium.support.events.EventFiringWebDriver.findElement(EventFiringWebDriver.java:194)
	at org.openqa.selenium.support.pagefactory.DefaultElementLocator.findElement(DefaultElementLocator.java:69)
	at org.openqa.selenium.support.pagefactory.internal.LocatingElementHandler.invoke(LocatingElementHandler.java:38)
	at com.sun.proxy.$Proxy15.click(Unknown Source)
	at com.qa.XtremeEcommTestCases.RegisterPageTest.setup(RegisterPageTest.java:74)
</failure>
    <system-out>Opening the chrome Browser
Before navigating to: &apos;https://x.bosontech.ai/home&apos;
Navigated to:&apos;https://x.bosontech.ai/home&apos;
Trying to find Element By : By.xpath: //button[@class=&apos;xc-button&apos;]//div[@class=&apos;xc-button-text&apos;][normalize-space()=&apos;REGISTER&apos;]
</system-out>
    <system-err>Starting ChromeDriver 93.0.4577.63 (ff5c0da2ec0adeaed5550e6c7e98417dac77d98a-refs/branch-heads/4577@{#1135}) on port 31179
Only local connections are allowed.
Please see https://chromedriver.chromium.org/security-considerations for suggestions on keeping ChromeDriver safe.
ChromeDriver was started successfully.
Sep 14, 2021 5:04:34 PM org.openqa.selenium.remote.ProtocolHandshake createSession
INFO: Detected dialect: W3C
</system-err>
  </testcase>
  <testcase classname="com.qa.XtremeEcommTestCases.RegisterPageTest" name="verifyHomePageLogoTest" time="100.145">
    <skipped/>
  </testcase>
  <testcase classname="com.qa.XtremeEcommTestCases.RegisterPageTest" name="tearDown" time="100.145">
    <skipped/>
  </testcase>
</testsuite>