<?xml version="1.0" encoding="UTF-8"?>
<!-- Generated by org.testng.reporters.JUnitReportReporter -->
<testsuite hostname="ergode-qa" failures="0" tests="5" name="com.qa.XtremeEcommTestCases.RegisterPageTest" time="59.504" errors="0" timestamp="01 Jun 2021 12:01:45 GMT" skipped="0">
  <testcase classname="com.qa.XtremeEcommTestCases.RegisterPageTest" name="validatesetRegisterData" time="11.235"/>
  <testcase classname="com.qa.XtremeEcommTestCases.RegisterPageTest" name="validatesetRegisterData" time="9.682"/>
  <testcase classname="com.qa.XtremeEcommTestCases.RegisterPageTest" name="validatesetRegisterData" time="15.499"/>
  <testcase classname="com.qa.XtremeEcommTestCases.RegisterPageTest" name="validatesetRegisterData" time="10.730"/>
  <testcase classname="com.qa.XtremeEcommTestCases.RegisterPageTest" name="validatesetRegisterData" time="12.358"/>
</testsuite> <!-- com.qa.XtremeEcommTestCases.RegisterPageTest -->
