<?xml version="1.0" encoding="UTF-8"?>
<!-- Generated by org.testng.reporters.JUnitReportReporter -->
<testsuite hostname="ergode-qa" failures="0" tests="5" name="com.qa.XtremeEcommTestCases.LoginPageTest" time="58.911" errors="0" timestamp="01 Jun 2021 12:43:42 GMT" skipped="0">
  <testcase classname="com.qa.XtremeEcommTestCases.LoginPageTest" name="validatesetRegisterData" time="12.635"/>
  <testcase classname="com.qa.XtremeEcommTestCases.LoginPageTest" name="validatesetRegisterData" time="11.869"/>
  <testcase classname="com.qa.XtremeEcommTestCases.LoginPageTest" name="validatesetRegisterData" time="10.211"/>
  <testcase classname="com.qa.XtremeEcommTestCases.LoginPageTest" name="validatesetRegisterData" time="9.959"/>
  <testcase classname="com.qa.XtremeEcommTestCases.LoginPageTest" name="validatesetRegisterData" time="14.237"/>
</testsuite> <!-- com.qa.XtremeEcommTestCases.LoginPageTest -->
