<?xml version="1.0" encoding="UTF-8"?>
<!-- Generated by org.testng.reporters.JUnitReportReporter -->
<testsuite hostname="ergode-qa" failures="0" tests="1" name="com.qa.XtremeEcommTestCases.FindBrokenLinnk" time="10.519" errors="0" timestamp="01 Jun 2021 11:45:16 GMT" skipped="0">
  <testcase classname="com.qa.XtremeEcommTestCases.FindBrokenLinnk" name="BrokenLinkAre" time="10.519"/>
</testsuite> <!-- com.qa.XtremeEcommTestCases.FindBrokenLinnk -->
